20:09:56: Creating resource group General
20:09:56: Creating resource group OgreInternal
20:09:56: Creating resource group OgreAutodetect
20:09:56: Registering ResourceManager for type Mesh
20:09:56: Registering ResourceManager for type Material
20:09:56: Registering ResourceManager for type Skeleton
20:09:56: XMLMeshSerializer reading mesh data from C:\Users\Levente\Documents\Egyetem\6\3Dprog\3D-Prog-Platypous-Controller\platypous_mesh\platypous.blender\resources\Body.mesh.xml...
20:09:56: Reading geometry...
20:09:56: Geometry done...
20:09:56: Reading submeshes...
20:09:56: Submeshes done.
20:09:56: Reading mesh names...
20:09:56: Mesh names done.
20:09:56: XMLMeshSerializer import successful.
20:09:56: MeshSerializer writing mesh data to stream C:\Users\Levente\AppData\Roaming\Blender Foundation\Blender\3.1\scripts\addons\io_b2mw\ogrexmltools\Body.mesh...
20:09:56: File header written.
20:09:56: Writing mesh data...
20:09:56: Writing submesh...
20:09:56: Exporting submesh texture aliases...
20:09:56: Submesh texture aliases exported.
20:09:56: Submesh exported.
20:09:56: Writing submesh...
20:09:56: Exporting submesh texture aliases...
20:09:56: Submesh texture aliases exported.
20:09:56: Submesh exported.
20:09:56: Writing submesh...
20:09:56: Exporting submesh texture aliases...
20:09:56: Submesh texture aliases exported.
20:09:56: Submesh exported.
20:09:56: Writing submesh...
20:09:56: Exporting submesh texture aliases...
20:09:56: Submesh texture aliases exported.
20:09:56: Submesh exported.
20:09:56: Exporting bounds information....
20:09:56: Bounds information exported.
20:09:56: Exporting submesh name table...
20:09:56: Submesh name table exported.
20:09:56: Mesh data exported.
20:09:56: MeshSerializer export successful.
20:09:56: Unregistering ResourceManager for type Skeleton
20:09:56: Unregistering ResourceManager for type Material
20:09:56: Unregistering ResourceManager for type Mesh
